Arguments: 
  /usr/local/Cellar/node/12.4.0/bin/node /usr/local/bin/yarn add -D @types/dom

PATH: 
  /usr/local/bin:/usr/bin:/bin:/usr/sbin:/sbin:/Library/TeX/texbin:/usr/local/MacGPG2/bin:/usr/local/share/dotnet:~/.dotnet/tools:/Library/Frameworks/Mono.framework/Versions/Current/Commands:/Applications/Wireshark.app/Contents/MacOS

Yarn version: 
  1.16.0

Node version: 
  12.4.0

Platform: 
  darwin x64

Trace: 
  Error: https://registry.yarnpkg.com/@types%2fdom: Not found
      at Request.params.callback [as _callback] (/usr/local/lib/node_modules/yarn/lib/cli.js:66091:18)
      at Request.self.callback (/usr/local/lib/node_modules/yarn/lib/cli.js:129590:22)
      at Request.emit (events.js:200:13)
      at Request.<anonymous> (/usr/local/lib/node_modules/yarn/lib/cli.js:130562:10)
      at Request.emit (events.js:200:13)
      at IncomingMessage.<anonymous> (/usr/local/lib/node_modules/yarn/lib/cli.js:130484:12)
      at Object.onceWrapper (events.js:288:20)
      at IncomingMessage.emit (events.js:205:15)
      at endReadableNT (_stream_readable.js:1154:12)
      at processTicksAndRejections (internal/process/task_queues.js:84:9)

npm manifest: 
  {
    "name": "turnoff-namuwiki",
    "version": "0.2.0",
    "description": "Turns off your namuwiki",
    "main": "src/",
    "repository": "https://github.com/Alex4386/turnoff-namuwiki.git",
    "author": "Alex4386 <psh010209@gmail.com>",
    "license": "MIT",
    "dependencies": {
      "typescript": "^3.5.2"
    },
    "devDependencies": {
      "web-ext-types": "^3.2.0"
    }
  }

yarn manifest: 
  No manifest

Lockfile: 
  # THIS IS AN AUTOGENERATED FILE. DO NOT EDIT THIS FILE DIRECTLY.
  # yarn lockfile v1
  
  
  typescript@^3.5.2:
    version "3.5.2"
    resolved "https://registry.yarnpkg.com/typescript/-/typescript-3.5.2.tgz#a09e1dc69bc9551cadf17dba10ee42cf55e5d56c"
    integrity sha512-7KxJovlYhTX5RaRbUdkAXN1KUZ8PwWlTzQdHV6xNqvuFOs7+WBo10TQUqT19Q/Jz2hk5v9TQDIhyLhhJY4p5AA==
  
  web-ext-types@^3.2.0:
    version "3.2.0"
    resolved "https://registry.yarnpkg.com/web-ext-types/-/web-ext-types-3.2.0.tgz#df5cfc6c5b614b8e5a98b51642d1b2ad3b9b41e2"
    integrity sha512-85MBVBvZTCtc5yTfwz+xKzycrW6lUpBi68Sn8dlMwOFNDyWroUHXRJNCO4Bs80ScfePf7ciF2J2N+1UDWpq1Lg==
